<?xml version="1.0" encoding="UTF-8"?>
<testng-results skipped="0" failed="0" total="2" passed="2">
  <reporter-output>
  </reporter-output>
  <suite name="Suite" duration-ms="170750" started-at="2019-11-22T01:28:46Z" finished-at="2019-11-22T01:31:36Z">
    <groups>
    </groups>
    <test name="Test" duration-ms="170750" started-at="2019-11-22T01:28:46Z" finished-at="2019-11-22T01:31:36Z">
      <class name="MyFramework.ValidateLabel">
        <test-method status="PASS" signature="validateLabel()[pri:0, instance:MyFramework.ValidateLabel@5d624da6]" name="validateLabel" duration-ms="85" started-at="2019-11-21T20:31:33Z" finished-at="2019-11-21T20:31:33Z">
          <reporter-output>
          </reporter-output>
        </test-method> <!-- validateLabel -->
      </class> <!-- MyFramework.ValidateLabel -->
      <class name="MyFramework.BaseLogin">
        <test-method status="PASS" signature="open()[pri:0, instance:MyFramework.BaseLogin@3a03464]" name="open" is-config="true" duration-ms="48141" started-at="2019-11-21T20:28:46Z" finished-at="2019-11-21T20:29:34Z">
          <reporter-output>
          </reporter-output>
        </test-method> <!-- open -->
        <test-method status="PASS" signature="loginPage()[pri:0, instance:MyFramework.ValidateLabel@5d624da6]" name="loginPage" is-config="true" duration-ms="49810" started-at="2019-11-21T20:29:34Z" finished-at="2019-11-21T20:30:24Z">
          <reporter-output>
          </reporter-output>
        </test-method> <!-- loginPage -->
        <test-method status="PASS" signature="login(java.lang.String, java.lang.String)[pri:0, instance:MyFramework.BaseLogin@3a03464]" name="login" duration-ms="69108" started-at="2019-11-21T20:30:24Z" data-provider="dataObj" finished-at="2019-11-21T20:31:33Z">
          <params>
            <param index="0">
              <value>
                <![CDATA[preeti.mirani@gmail.com]]>
              </value>
            </param>
            <param index="1">
              <value>
                <![CDATA[pass123$]]>
              </value>
            </param>
          </params>
          <reporter-output>
          </reporter-output>
        </test-method> <!-- login -->
        <test-method status="PASS" signature="close()[pri:0, instance:MyFramework.BaseLogin@3a03464]" name="close" is-config="true" duration-ms="1527" started-at="2019-11-21T20:31:33Z" finished-at="2019-11-21T20:31:34Z">
          <reporter-output>
          </reporter-output>
        </test-method> <!-- close -->
        <test-method status="PASS" signature="close()[pri:0, instance:MyFramework.ValidateLabel@5d624da6]" name="close" is-config="true" duration-ms="2052" started-at="2019-11-21T20:31:34Z" finished-at="2019-11-21T20:31:36Z">
          <reporter-output>
          </reporter-output>
        </test-method> <!-- close -->
      </class> <!-- MyFramework.BaseLogin -->
    </test> <!-- Test -->
  </suite> <!-- Suite -->
</testng-results>
