<?xml version="1.0" encoding="UTF-8"?>
<testng-results skipped="0" failed="0" total="1" passed="1">
  <reporter-output>
  </reporter-output>
  <suite name="Default suite" duration-ms="51003" started-at="2019-11-22T01:27:01Z" finished-at="2019-11-22T01:27:52Z">
    <groups>
    </groups>
    <test name="Default test" duration-ms="51003" started-at="2019-11-22T01:27:01Z" finished-at="2019-11-22T01:27:52Z">
      <class name="MyFramework.ValidateLabel">
        <test-method status="PASS" signature="loginPage()[pri:0, instance:MyFramework.ValidateLabel@735b5592]" name="loginPage" is-config="true" duration-ms="50013" started-at="2019-11-21T20:27:01Z" finished-at="2019-11-21T20:27:51Z">
          <reporter-output>
          </reporter-output>
        </test-method> <!-- loginPage -->
        <test-method status="PASS" signature="validateLabel()[pri:0, instance:MyFramework.ValidateLabel@735b5592]" name="validateLabel" duration-ms="168" started-at="2019-11-21T20:27:51Z" finished-at="2019-11-21T20:27:51Z">
          <reporter-output>
          </reporter-output>
        </test-method> <!-- validateLabel -->
        <test-method status="PASS" signature="close()[pri:0, instance:MyFramework.ValidateLabel@735b5592]" name="close" is-config="true" duration-ms="792" started-at="2019-11-21T20:27:51Z" finished-at="2019-11-21T20:27:52Z">
          <reporter-output>
          </reporter-output>
        </test-method> <!-- close -->
      </class> <!-- MyFramework.ValidateLabel -->
    </test> <!-- Default test -->
  </suite> <!-- Default suite -->
</testng-results>
